
Gurobi 12.0.3 (win64) logging started Fri Oct 10 17:41:02 2025


Gurobi 12.0.3 (win64) logging started Fri Oct 10 17:43:27 2025


Gurobi 12.0.3 (win64) logging started Fri Oct 10 17:44:56 2025


Gurobi 12.0.3 (win64) logging started Fri Oct 10 17:46:54 2025


Gurobi 12.0.3 (win64) logging started Fri Oct 10 17:48:06 2025


Gurobi 12.0.3 (win64) logging started Fri Oct 10 17:53:31 2025

Set parameter WLSAccessID
Set parameter WLSSecret
Set parameter LicenseID to value 2675345
Read parameters from file gurobi.env
Academic license 2675345 - for non-commercial use only - registered to ra___@cmkl.ac.th
Set parameter OutputFlag to value 1
Gurobi Optimizer version 12.0.3 build v12.0.3rc0 (win64 - Windows 11.0 (26100.2))

CPU model: Intel(R) Core(TM) Ultra 7 155H, instruction set [SSE2|AVX|AVX2]
Thread count: 16 physical cores, 22 logical processors, using up to 22 threads

Academic license 2675345 - for non-commercial use only - registered to ra___@cmkl.ac.th
Optimize a model with 1482 rows, 860 columns and 5580 nonzeros
Model fingerprint: 0x2ea86f07
Variable types: 20 continuous, 840 integer (840 binary)
Coefficient statistics:
  Matrix range     [1e+00, 1e+00]
  Objective range  [5e+00, 1e+01]
  Bounds range     [1e+00, 1e+00]
  RHS range        [1e+00, 1e+01]
Found heuristic solution: objective 1514.8000003
Presolve added 0 rows and 20 columns
Presolve removed 880 rows and 0 columns
Presolve time: 0.02s
Presolved: 602 rows, 880 columns, 3080 nonzeros
Found heuristic solution: objective 1514.8000000
Variable types: 40 continuous, 840 integer (840 binary)

Root relaxation: objective 1.464400e+03, 384 iterations, 0.01 seconds (0.00 work units)

    Nodes    |    Current Node    |     Objective Bounds      |     Work
 Expl Unexpl |  Obj  Depth IntInf | Incumbent    BestBd   Gap | It/Node Time

     0     0 1464.40000    0   25 1514.80000 1464.40000  3.33%     -    0s
H    0     0                    1478.8000000 1464.40000  0.97%     -    0s
     0     0     cutoff    0      1478.80000 1478.80000  0.00%     -    0s

Cutting planes:
  Gomory: 4
  MIR: 20
  RLT: 1

Explored 1 nodes (1099 simplex iterations) in 0.10 seconds (0.02 work units)
Thread count was 22 (of 22 available processors)

Solution count 2: 1478.8 1514.8 

Optimal solution found (tolerance 1.00e-04)
Best objective 1.478800000000e+03, best bound 1.478800000000e+03, gap 0.0000%

Gurobi 12.0.3 (win64) logging started Fri Oct 10 18:00:53 2025

Set parameter WLSAccessID
Set parameter WLSSecret
Set parameter LicenseID to value 2675345
Read parameters from file gurobi.env
Academic license 2675345 - for non-commercial use only - registered to ra___@cmkl.ac.th
Set parameter OutputFlag to value 1
Gurobi Optimizer version 12.0.3 build v12.0.3rc0 (win64 - Windows 11.0 (26100.2))

CPU model: Intel(R) Core(TM) Ultra 7 155H, instruction set [SSE2|AVX|AVX2]
Thread count: 16 physical cores, 22 logical processors, using up to 22 threads

Academic license 2675345 - for non-commercial use only - registered to ra___@cmkl.ac.th
Optimize a model with 1482 rows, 860 columns and 5580 nonzeros
Model fingerprint: 0x2ea86f07
Variable types: 20 continuous, 840 integer (840 binary)
Coefficient statistics:
  Matrix range     [1e+00, 1e+00]
  Objective range  [5e+00, 1e+01]
  Bounds range     [1e+00, 1e+00]
  RHS range        [1e+00, 1e+01]
Found heuristic solution: objective 1514.8000003
Presolve added 0 rows and 20 columns
Presolve removed 880 rows and 0 columns
Presolve time: 0.02s
Presolved: 602 rows, 880 columns, 3080 nonzeros
Found heuristic solution: objective 1514.8000000
Variable types: 40 continuous, 840 integer (840 binary)

Root relaxation: objective 1.464400e+03, 384 iterations, 0.01 seconds (0.00 work units)

    Nodes    |    Current Node    |     Objective Bounds      |     Work
 Expl Unexpl |  Obj  Depth IntInf | Incumbent    BestBd   Gap | It/Node Time

     0     0 1464.40000    0   25 1514.80000 1464.40000  3.33%     -    0s
H    0     0                    1478.8000000 1464.40000  0.97%     -    0s
     0     0     cutoff    0      1478.80000 1478.80000  0.00%     -    0s

Cutting planes:
  Gomory: 4
  MIR: 20
  RLT: 1

Explored 1 nodes (1099 simplex iterations) in 0.11 seconds (0.02 work units)
Thread count was 22 (of 22 available processors)

Solution count 2: 1478.8 1514.8 

Optimal solution found (tolerance 1.00e-04)
Best objective 1.478800000000e+03, best bound 1.478800000000e+03, gap 0.0000%
